
SQL*Loader: Release 11.2.0.2.0 - Production on 真真真 真真真 22 19:00:43 2024

Copyright (c) 1982, 2009, Oracle and/or its affiliates.  All rights reserved.

Control File:   Customers.ctl
Data File:      Customers.dat
  Bad File:     Customers.bad
  Discard File:  none specified
 
 (Allow all discards)

Number to load: ALL
Number to skip: 0
Errors allowed: 50
Bind array:     64 rows, maximum of 256000 bytes
Continuation:    none specified
Path used:      Conventional

Table TABLERETAIL, loaded from every logical record.
Insert option in effect for this table: INSERT

   Column Name                  Position   Len  Term Encl Datatype
------------------------------ ---------- ----- ---- ---- ---------------------
INVOICE                             FIRST     *   ,  O(") CHARACTER            
STOCKCODE                            NEXT     *   ,  O(") CHARACTER            
QUANTITY                             NEXT     *   ,  O(") CHARACTER            
INVOICEDATE                          NEXT     *   ,  O(") CHARACTER            
PRICE                                NEXT     *   ,  O(") CHARACTER            
CUSTOMER_ID                          NEXT     *   ,  O(") CHARACTER            
COUNTRY                              NEXT     *   ,  O(") CHARACTER            

Record 1: Rejected - Error on table TABLERETAIL, column INVOICEDATE.
Column not found before end of logical record (use TRAILING NULLCOLS)
Record 2: Rejected - Error on table TABLERETAIL, column INVOICEDATE.
Column not found before end of logical record (use TRAILING NULLCOLS)
Record 3: Rejected - Error on table TABLERETAIL, column INVOICEDATE.
Column not found before end of logical record (use TRAILING NULLCOLS)
Record 4: Rejected - Error on table TABLERETAIL, column INVOICEDATE.
Column not found before end of logical record (use TRAILING NULLCOLS)
Record 5: Rejected - Error on table TABLERETAIL, column INVOICEDATE.
Column not found before end of logical record (use TRAILING NULLCOLS)
Record 6: Rejected - Error on table TABLERETAIL, column INVOICEDATE.
Column not found before end of logical record (use TRAILING NULLCOLS)
Record 7: Rejected - Error on table TABLERETAIL, column INVOICEDATE.
Column not found before end of logical record (use TRAILING NULLCOLS)
Record 8: Rejected - Error on table TABLERETAIL, column INVOICEDATE.
Column not found before end of logical record (use TRAILING NULLCOLS)
Record 9: Rejected - Error on table TABLERETAIL, column INVOICEDATE.
Column not found before end of logical record (use TRAILING NULLCOLS)
Record 10: Rejected - Error on table TABLERETAIL, column INVOICEDATE.
Column not found before end of logical record (use TRAILING NULLCOLS)
Record 11: Rejected - Error on table TABLERETAIL, column INVOICEDATE.
Column not found before end of logical record (use TRAILING NULLCOLS)
Record 12: Rejected - Error on table TABLERETAIL, column INVOICEDATE.
Column not found before end of logical record (use TRAILING NULLCOLS)
Record 13: Rejected - Error on table TABLERETAIL, column INVOICEDATE.
Column not found before end of logical record (use TRAILING NULLCOLS)
Record 14: Rejected - Error on table TABLERETAIL, column INVOICEDATE.
Column not found before end of logical record (use TRAILING NULLCOLS)
Record 15: Rejected - Error on table TABLERETAIL, column INVOICEDATE.
Column not found before end of logical record (use TRAILING NULLCOLS)
Record 16: Rejected - Error on table TABLERETAIL, column INVOICEDATE.
Column not found before end of logical record (use TRAILING NULLCOLS)
Record 17: Rejected - Error on table TABLERETAIL, column INVOICEDATE.
Column not found before end of logical record (use TRAILING NULLCOLS)
Record 18: Rejected - Error on table TABLERETAIL, column INVOICEDATE.
Column not found before end of logical record (use TRAILING NULLCOLS)
Record 19: Rejected - Error on table TABLERETAIL, column INVOICEDATE.
Column not found before end of logical record (use TRAILING NULLCOLS)
Record 20: Rejected - Error on table TABLERETAIL, column INVOICEDATE.
Column not found before end of logical record (use TRAILING NULLCOLS)
Record 21: Rejected - Error on table TABLERETAIL, column INVOICEDATE.
Column not found before end of logical record (use TRAILING NULLCOLS)
Record 22: Rejected - Error on table TABLERETAIL, column INVOICEDATE.
Column not found before end of logical record (use TRAILING NULLCOLS)
Record 23: Rejected - Error on table TABLERETAIL, column INVOICEDATE.
Column not found before end of logical record (use TRAILING NULLCOLS)
Record 24: Rejected - Error on table TABLERETAIL, column INVOICEDATE.
Column not found before end of logical record (use TRAILING NULLCOLS)
Record 25: Rejected - Error on table TABLERETAIL, column INVOICEDATE.
Column not found before end of logical record (use TRAILING NULLCOLS)
Record 26: Rejected - Error on table TABLERETAIL, column INVOICEDATE.
Column not found before end of logical record (use TRAILING NULLCOLS)
Record 27: Rejected - Error on table TABLERETAIL, column INVOICEDATE.
Column not found before end of logical record (use TRAILING NULLCOLS)
Record 28: Rejected - Error on table TABLERETAIL, column INVOICEDATE.
Column not found before end of logical record (use TRAILING NULLCOLS)
Record 29: Rejected - Error on table TABLERETAIL, column INVOICEDATE.
Column not found before end of logical record (use TRAILING NULLCOLS)
Record 30: Rejected - Error on table TABLERETAIL, column INVOICEDATE.
Column not found before end of logical record (use TRAILING NULLCOLS)
Record 31: Rejected - Error on table TABLERETAIL, column INVOICEDATE.
Column not found before end of logical record (use TRAILING NULLCOLS)
Record 32: Rejected - Error on table TABLERETAIL, column INVOICEDATE.
Column not found before end of logical record (use TRAILING NULLCOLS)
Record 33: Rejected - Error on table TABLERETAIL, column INVOICEDATE.
Column not found before end of logical record (use TRAILING NULLCOLS)
Record 34: Rejected - Error on table TABLERETAIL, column INVOICEDATE.
Column not found before end of logical record (use TRAILING NULLCOLS)
Record 35: Rejected - Error on table TABLERETAIL, column INVOICEDATE.
Column not found before end of logical record (use TRAILING NULLCOLS)
Record 36: Rejected - Error on table TABLERETAIL, column INVOICEDATE.
Column not found before end of logical record (use TRAILING NULLCOLS)
Record 37: Rejected - Error on table TABLERETAIL, column INVOICEDATE.
Column not found before end of logical record (use TRAILING NULLCOLS)
Record 38: Rejected - Error on table TABLERETAIL, column INVOICEDATE.
Column not found before end of logical record (use TRAILING NULLCOLS)
Record 39: Rejected - Error on table TABLERETAIL, column INVOICEDATE.
Column not found before end of logical record (use TRAILING NULLCOLS)
Record 40: Rejected - Error on table TABLERETAIL, column INVOICEDATE.
Column not found before end of logical record (use TRAILING NULLCOLS)
Record 41: Rejected - Error on table TABLERETAIL, column INVOICEDATE.
Column not found before end of logical record (use TRAILING NULLCOLS)
Record 42: Rejected - Error on table TABLERETAIL, column INVOICEDATE.
Column not found before end of logical record (use TRAILING NULLCOLS)
Record 43: Rejected - Error on table TABLERETAIL, column INVOICEDATE.
Column not found before end of logical record (use TRAILING NULLCOLS)
Record 44: Rejected - Error on table TABLERETAIL, column INVOICEDATE.
Column not found before end of logical record (use TRAILING NULLCOLS)
Record 45: Rejected - Error on table TABLERETAIL, column INVOICEDATE.
Column not found before end of logical record (use TRAILING NULLCOLS)
Record 46: Rejected - Error on table TABLERETAIL, column INVOICEDATE.
Column not found before end of logical record (use TRAILING NULLCOLS)
Record 47: Rejected - Error on table TABLERETAIL, column INVOICEDATE.
Column not found before end of logical record (use TRAILING NULLCOLS)
Record 48: Rejected - Error on table TABLERETAIL, column INVOICEDATE.
Column not found before end of logical record (use TRAILING NULLCOLS)
Record 49: Rejected - Error on table TABLERETAIL, column INVOICEDATE.
Column not found before end of logical record (use TRAILING NULLCOLS)
Record 50: Rejected - Error on table TABLERETAIL, column INVOICEDATE.
Column not found before end of logical record (use TRAILING NULLCOLS)
Record 51: Rejected - Error on table TABLERETAIL, column INVOICEDATE.
Column not found before end of logical record (use TRAILING NULLCOLS)

MAXIMUM ERROR COUNT EXCEEDED - Above statistics reflect partial run.

Table TABLERETAIL:
  0 Rows successfully loaded.
  51 Rows not loaded due to data errors.
  0 Rows not loaded because all WHEN clauses were failed.
  0 Rows not loaded because all fields were null.


Space allocated for bind array:                 115584 bytes(64 rows)
Read   buffer bytes: 1048576

Total logical records skipped:          0
Total logical records read:            51
Total logical records rejected:        51
Total logical records discarded:        0

Run began on 真真真   真真真 22 19:00:43 2024
Run ended on 真真真   真真真 22 19:00:43 2024

Elapsed time was:     00:00:00.11
CPU time was:         00:00:00.06
